18-Dec-2019 09:05:34.719 정보 [main] org.apache.catalina.startup.VersionLoggerListener.log Server version:        Apache Tomcat/8.0.49
18-Dec-2019 09:05:34.721 정보 [main] org.apache.catalina.startup.VersionLoggerListener.log Server built:          Jan 19 2018 20:21:23 UTC
18-Dec-2019 09:05:34.724 정보 [main] org.apache.catalina.startup.VersionLoggerListener.log Server number:         8.0.49.0
18-Dec-2019 09:05:34.725 정보 [main] org.apache.catalina.startup.VersionLoggerListener.log OS Name:               Windows 10
18-Dec-2019 09:05:34.725 정보 [main] org.apache.catalina.startup.VersionLoggerListener.log OS Version:            10.0
18-Dec-2019 09:05:34.725 정보 [main] org.apache.catalina.startup.VersionLoggerListener.log Architecture:          amd64
18-Dec-2019 09:05:34.726 정보 [main] org.apache.catalina.startup.VersionLoggerListener.log Java Home:             D:\Java\jre1.8.0_201
18-Dec-2019 09:05:34.726 정보 [main] org.apache.catalina.startup.VersionLoggerListener.log JVM Version:           1.8.0_201-b09
18-Dec-2019 09:05:34.726 정보 [main] org.apache.catalina.startup.VersionLoggerListener.log JVM Vendor:            Oracle Corporation
18-Dec-2019 09:05:34.727 정보 [main] org.apache.catalina.startup.VersionLoggerListener.log CATALINA_BASE:         D:\4학년2학기\웹플응용텀프\apache-tomcat-8.0.49
18-Dec-2019 09:05:34.727 정보 [main] org.apache.catalina.startup.VersionLoggerListener.log CATALINA_HOME:         D:\4학년2학기\웹플응용텀프\apache-tomcat-8.0.49
18-Dec-2019 09:05:34.727 정보 [main] org.apache.catalina.startup.VersionLoggerListener.log Command line argument: -Djava.util.logging.config.file=D:\4학년2학기\웹플응용텀프\apache-tomcat-8.0.49\conf\logging.properties
18-Dec-2019 09:05:34.728 정보 [main] org.apache.catalina.startup.VersionLoggerListener.log Command line argument: -Djava.util.logging.manager=org.apache.juli.ClassLoaderLogManager
18-Dec-2019 09:05:34.728 정보 [main] org.apache.catalina.startup.VersionLoggerListener.log Command line argument: -Djdk.tls.ephemeralDHKeySize=2048
18-Dec-2019 09:05:34.728 정보 [main] org.apache.catalina.startup.VersionLoggerListener.log Command line argument: -Djava.protocol.handler.pkgs=org.apache.catalina.webresources
18-Dec-2019 09:05:34.729 정보 [main] org.apache.catalina.startup.VersionLoggerListener.log Command line argument: -Dignore.endorsed.dirs=
18-Dec-2019 09:05:34.729 정보 [main] org.apache.catalina.startup.VersionLoggerListener.log Command line argument: -Dcatalina.base=D:\4학년2학기\웹플응용텀프\apache-tomcat-8.0.49
18-Dec-2019 09:05:34.730 정보 [main] org.apache.catalina.startup.VersionLoggerListener.log Command line argument: -Dcatalina.home=D:\4학년2학기\웹플응용텀프\apache-tomcat-8.0.49
18-Dec-2019 09:05:34.731 정보 [main] org.apache.catalina.startup.VersionLoggerListener.log Command line argument: -Djava.io.tmpdir=D:\4학년2학기\웹플응용텀프\apache-tomcat-8.0.49\temp
18-Dec-2019 09:05:34.736 정보 [main] org.apache.catalina.core.AprLifecycleListener.lifecycleEvent Loaded APR based Apache Tomcat Native library 1.2.16 using APR version 1.6.3.
18-Dec-2019 09:05:34.736 정보 [main] org.apache.catalina.core.AprLifecycleListener.lifecycleEvent APR capabilities: IPv6 [true], sendfile [true], accept filters [false], random [true].
18-Dec-2019 09:05:35.425 정보 [main] org.apache.catalina.core.AprLifecycleListener.initializeSSL OpenSSL successfully initialized (OpenSSL 1.0.2m  2 Nov 2017)
18-Dec-2019 09:05:35.538 정보 [main] org.apache.coyote.AbstractProtocol.init Initializing ProtocolHandler ["http-apr-8080"]
18-Dec-2019 09:05:35.606 정보 [main] org.apache.coyote.AbstractProtocol.init Initializing ProtocolHandler ["ajp-apr-8009"]
18-Dec-2019 09:05:35.610 정보 [main] org.apache.catalina.startup.Catalina.load Initialization processed in 1367 ms
18-Dec-2019 09:05:35.711 정보 [main] org.apache.catalina.core.StandardService.startInternal Starting service Catalina
18-Dec-2019 09:05:35.711 정보 [main] org.apache.catalina.core.StandardEngine.startInternal Starting Servlet Engine: Apache Tomcat/8.0.49
18-Dec-2019 09:05:35.806 정보 [localhost-startStop-1] org.apache.catalina.startup.HostConfig.deployWAR Deploying web application archive D:\4학년2학기\웹플응용텀프\apache-tomcat-8.0.49\webapps\test.war
18-Dec-2019 09:05:38.903 정보 [localhost-startStop-1] org.apache.jasper.servlet.TldScanner.scanJars At least one JAR was scanned for TLDs yet contained no TLDs. Enable debug logging for this logger for a complete list of JARs that were scanned but no TLDs were found in them. Skipping unneeded JARs during scanning can improve startup time and JSP compilation time.
18-Dec-2019 09:05:39.694 경고 [localhost-startStop-1] org.apache.catalina.util.SessionIdGeneratorBase.createSecureRandom Creation of SecureRandom instance for session ID generation using [SHA1PRNG] took [757] milliseconds.
18-Dec-2019 09:05:39.716 정보 [localhost-startStop-1] org.apache.catalina.startup.HostConfig.deployWAR Deployment of web application archive D:\4학년2학기\웹플응용텀프\apache-tomcat-8.0.49\webapps\test.war has finished in 3,910 ms
18-Dec-2019 09:05:39.717 정보 [localhost-startStop-1] org.apache.catalina.startup.HostConfig.deployDirectory Deploying web application directory D:\4학년2학기\웹플응용텀프\apache-tomcat-8.0.49\webapps\docs
18-Dec-2019 09:05:39.785 정보 [localhost-startStop-1] org.apache.catalina.startup.HostConfig.deployDirectory Deployment of web application directory D:\4학년2학기\웹플응용텀프\apache-tomcat-8.0.49\webapps\docs has finished in 68 ms
18-Dec-2019 09:05:39.786 정보 [localhost-startStop-1] org.apache.catalina.startup.HostConfig.deployDirectory Deploying web application directory D:\4학년2학기\웹플응용텀프\apache-tomcat-8.0.49\webapps\examples
18-Dec-2019 09:05:42.137 정보 [localhost-startStop-1] org.apache.catalina.startup.HostConfig.deployDirectory Deployment of web application directory D:\4학년2학기\웹플응용텀프\apache-tomcat-8.0.49\webapps\examples has finished in 2,351 ms
18-Dec-2019 09:05:42.138 정보 [localhost-startStop-1] org.apache.catalina.startup.HostConfig.deployDirectory Deploying web application directory D:\4학년2학기\웹플응용텀프\apache-tomcat-8.0.49\webapps\host-manager
18-Dec-2019 09:05:42.210 정보 [localhost-startStop-1] org.apache.catalina.startup.HostConfig.deployDirectory Deployment of web application directory D:\4학년2학기\웹플응용텀프\apache-tomcat-8.0.49\webapps\host-manager has finished in 72 ms
18-Dec-2019 09:05:42.210 정보 [localhost-startStop-1] org.apache.catalina.startup.HostConfig.deployDirectory Deploying web application directory D:\4학년2학기\웹플응용텀프\apache-tomcat-8.0.49\webapps\manager
18-Dec-2019 09:05:42.264 정보 [localhost-startStop-1] org.apache.catalina.startup.HostConfig.deployDirectory Deployment of web application directory D:\4학년2학기\웹플응용텀프\apache-tomcat-8.0.49\webapps\manager has finished in 54 ms
18-Dec-2019 09:05:42.265 정보 [localhost-startStop-1] org.apache.catalina.startup.HostConfig.deployDirectory Deploying web application directory D:\4학년2학기\웹플응용텀프\apache-tomcat-8.0.49\webapps\ROOT
18-Dec-2019 09:05:42.316 정보 [localhost-startStop-1] org.apache.catalina.startup.HostConfig.deployDirectory Deployment of web application directory D:\4학년2학기\웹플응용텀프\apache-tomcat-8.0.49\webapps\ROOT has finished in 51 ms
18-Dec-2019 09:05:42.322 정보 [main] org.apache.coyote.AbstractProtocol.start Starting ProtocolHandler ["http-apr-8080"]
18-Dec-2019 09:05:42.340 정보 [main] org.apache.coyote.AbstractProtocol.start Starting ProtocolHandler ["ajp-apr-8009"]
18-Dec-2019 09:05:42.346 정보 [main] org.apache.catalina.startup.Catalina.start Server startup in 6734 ms
18-Dec-2019 09:15:40.209 정보 [main] org.apache.catalina.core.StandardServer.await A valid shutdown command was received via the shutdown port. Stopping the Server instance.
18-Dec-2019 09:15:40.211 정보 [main] org.apache.coyote.AbstractProtocol.pause Pausing ProtocolHandler ["http-apr-8080"]
18-Dec-2019 09:15:40.270 정보 [main] org.apache.coyote.AbstractProtocol.pause Pausing ProtocolHandler ["ajp-apr-8009"]
18-Dec-2019 09:15:40.322 정보 [main] org.apache.catalina.core.StandardService.stopInternal Stopping service Catalina
18-Dec-2019 09:15:40.401 경고 [localhost-startStop-2] org.apache.catalina.loader.WebappClassLoaderBase.clearReferencesJdbc The web application [test] registered the JDBC driver [com.mysql.jdbc.Driver] but failed to unregister it when the web application was stopped. To prevent a memory leak, the JDBC Driver has been forcibly unregistered.
18-Dec-2019 09:15:40.402 경고 [localhost-startStop-2] org.apache.catalina.loader.WebappClassLoaderBase.clearReferencesJdbc The web application [test] registered the JDBC driver [org.apache.commons.dbcp.PoolingDriver] but failed to unregister it when the web application was stopped. To prevent a memory leak, the JDBC Driver has been forcibly unregistered.
18-Dec-2019 09:15:40.406 경고 [localhost-startStop-2] org.apache.catalina.loader.WebappClassLoaderBase.clearReferencesThreads The web application [test] appears to have started a thread named [Abandoned connection cleanup thread] but has failed to stop it. This is very likely to create a memory leak. Stack trace of thread:
 java.lang.Object.wait(Native Method)
 java.lang.ref.ReferenceQueue.remove(Unknown Source)
 java.lang.ref.ReferenceQueue.remove(Unknown Source)
 com.mysql.jdbc.NonRegisteringDriver$1.run(NonRegisteringDriver.java:93)
18-Dec-2019 09:15:40.419 정보 [main] org.apache.coyote.AbstractProtocol.stop Stopping ProtocolHandler ["http-apr-8080"]
18-Dec-2019 09:15:40.474 정보 [main] org.apache.coyote.AbstractProtocol.stop Stopping ProtocolHandler ["ajp-apr-8009"]
18-Dec-2019 09:15:40.533 정보 [main] org.apache.coyote.AbstractProtocol.destroy Destroying ProtocolHandler ["http-apr-8080"]
18-Dec-2019 09:15:40.534 정보 [main] org.apache.coyote.AbstractProtocol.destroy Destroying ProtocolHandler ["ajp-apr-8009"]
18-Dec-2019 09:28:06.855 정보 [main] org.apache.catalina.startup.VersionLoggerListener.log Server version:        Apache Tomcat/8.0.49
18-Dec-2019 09:28:06.858 정보 [main] org.apache.catalina.startup.VersionLoggerListener.log Server built:          Jan 19 2018 20:21:23 UTC
18-Dec-2019 09:28:06.859 정보 [main] org.apache.catalina.startup.VersionLoggerListener.log Server number:         8.0.49.0
18-Dec-2019 09:28:06.859 정보 [main] org.apache.catalina.startup.VersionLoggerListener.log OS Name:               Windows 10
18-Dec-2019 09:28:06.859 정보 [main] org.apache.catalina.startup.VersionLoggerListener.log OS Version:            10.0
18-Dec-2019 09:28:06.860 정보 [main] org.apache.catalina.startup.VersionLoggerListener.log Architecture:          amd64
18-Dec-2019 09:28:06.860 정보 [main] org.apache.catalina.startup.VersionLoggerListener.log Java Home:             D:\Java\jre1.8.0_201
18-Dec-2019 09:28:06.860 정보 [main] org.apache.catalina.startup.VersionLoggerListener.log JVM Version:           1.8.0_201-b09
18-Dec-2019 09:28:06.861 정보 [main] org.apache.catalina.startup.VersionLoggerListener.log JVM Vendor:            Oracle Corporation
18-Dec-2019 09:28:06.861 정보 [main] org.apache.catalina.startup.VersionLoggerListener.log CATALINA_BASE:         D:\4학년2학기\웹플응용텀프\apache-tomcat-8.0.49
18-Dec-2019 09:28:06.861 정보 [main] org.apache.catalina.startup.VersionLoggerListener.log CATALINA_HOME:         D:\4학년2학기\웹플응용텀프\apache-tomcat-8.0.49
18-Dec-2019 09:28:06.862 정보 [main] org.apache.catalina.startup.VersionLoggerListener.log Command line argument: -Djava.util.logging.config.file=D:\4학년2학기\웹플응용텀프\apache-tomcat-8.0.49\conf\logging.properties
18-Dec-2019 09:28:06.863 정보 [main] org.apache.catalina.startup.VersionLoggerListener.log Command line argument: -Djava.util.logging.manager=org.apache.juli.ClassLoaderLogManager
18-Dec-2019 09:28:06.863 정보 [main] org.apache.catalina.startup.VersionLoggerListener.log Command line argument: -Djdk.tls.ephemeralDHKeySize=2048
18-Dec-2019 09:28:06.863 정보 [main] org.apache.catalina.startup.VersionLoggerListener.log Command line argument: -Djava.protocol.handler.pkgs=org.apache.catalina.webresources
18-Dec-2019 09:28:06.864 정보 [main] org.apache.catalina.startup.VersionLoggerListener.log Command line argument: -Dignore.endorsed.dirs=
18-Dec-2019 09:28:06.864 정보 [main] org.apache.catalina.startup.VersionLoggerListener.log Command line argument: -Dcatalina.base=D:\4학년2학기\웹플응용텀프\apache-tomcat-8.0.49
18-Dec-2019 09:28:06.865 정보 [main] org.apache.catalina.startup.VersionLoggerListener.log Command line argument: -Dcatalina.home=D:\4학년2학기\웹플응용텀프\apache-tomcat-8.0.49
18-Dec-2019 09:28:06.866 정보 [main] org.apache.catalina.startup.VersionLoggerListener.log Command line argument: -Djava.io.tmpdir=D:\4학년2학기\웹플응용텀프\apache-tomcat-8.0.49\temp
18-Dec-2019 09:28:06.873 정보 [main] org.apache.catalina.core.AprLifecycleListener.lifecycleEvent Loaded APR based Apache Tomcat Native library 1.2.16 using APR version 1.6.3.
18-Dec-2019 09:28:06.873 정보 [main] org.apache.catalina.core.AprLifecycleListener.lifecycleEvent APR capabilities: IPv6 [true], sendfile [true], accept filters [false], random [true].
18-Dec-2019 09:28:07.610 정보 [main] org.apache.catalina.core.AprLifecycleListener.initializeSSL OpenSSL successfully initialized (OpenSSL 1.0.2m  2 Nov 2017)
18-Dec-2019 09:28:07.723 정보 [main] org.apache.coyote.AbstractProtocol.init Initializing ProtocolHandler ["http-apr-8080"]
18-Dec-2019 09:28:07.735 심각 [main] org.apache.coyote.AbstractProtocol.init Failed to initialize end point associated with ProtocolHandler ["http-apr-8080"]
 java.lang.Exception: Socket bind failed: [730048] °? ¼??? ???(?w?????/³×?¿?? ???/Æ÷?)´? ??ª¸¸ ??¿???
	at org.apache.tomcat.util.net.AprEndpoint.bind(AprEndpoint.java:471)
	at org.apache.tomcat.util.net.AbstractEndpoint.init(AbstractEndpoint.java:823)
	at org.apache.coyote.AbstractProtocol.init(AbstractProtocol.java:476)
	at org.apache.catalina.connector.Connector.initInternal(Connector.java:960)
	at org.apache.catalina.util.LifecycleBase.init(LifecycleBase.java:102)
	at org.apache.catalina.core.StandardService.initInternal(StandardService.java:568)
	at org.apache.catalina.util.LifecycleBase.init(LifecycleBase.java:102)
	at org.apache.catalina.core.StandardServer.initInternal(StandardServer.java:871)
	at org.apache.catalina.util.LifecycleBase.init(LifecycleBase.java:102)
	at org.apache.catalina.startup.Catalina.load(Catalina.java:581)
	at org.apache.catalina.startup.Catalina.load(Catalina.java:604)
	at sun.reflect.NativeMethodAccessorImpl.invoke0(Native Method)
	at sun.reflect.NativeMethodAccessorImpl.invoke(Unknown Source)
	at sun.reflect.DelegatingMethodAccessorImpl.invoke(Unknown Source)
	at java.lang.reflect.Method.invoke(Unknown Source)
	at org.apache.catalina.startup.Bootstrap.load(Bootstrap.java:308)
	at org.apache.catalina.startup.Bootstrap.main(Bootstrap.java:482)

18-Dec-2019 09:28:07.743 심각 [main] org.apache.catalina.core.StandardService.initInternal Failed to initialize connector [Connector[HTTP/1.1-8080]]
 org.apache.catalina.LifecycleException: Failed to initialize component [Connector[HTTP/1.1-8080]]
	at org.apache.catalina.util.LifecycleBase.init(LifecycleBase.java:107)
	at org.apache.catalina.core.StandardService.initInternal(StandardService.java:568)
	at org.apache.catalina.util.LifecycleBase.init(LifecycleBase.java:102)
	at org.apache.catalina.core.StandardServer.initInternal(StandardServer.java:871)
	at org.apache.catalina.util.LifecycleBase.init(LifecycleBase.java:102)
	at org.apache.catalina.startup.Catalina.load(Catalina.java:581)
	at org.apache.catalina.startup.Catalina.load(Catalina.java:604)
	at sun.reflect.NativeMethodAccessorImpl.invoke0(Native Method)
	at sun.reflect.NativeMethodAccessorImpl.invoke(Unknown Source)
	at sun.reflect.DelegatingMethodAccessorImpl.invoke(Unknown Source)
	at java.lang.reflect.Method.invoke(Unknown Source)
	at org.apache.catalina.startup.Bootstrap.load(Bootstrap.java:308)
	at org.apache.catalina.startup.Bootstrap.main(Bootstrap.java:482)
Caused by: org.apache.catalina.LifecycleException: Protocol handler initialization failed
	at org.apache.catalina.connector.Connector.initInternal(Connector.java:962)
	at org.apache.catalina.util.LifecycleBase.init(LifecycleBase.java:102)
	... 12 more
Caused by: java.lang.Exception: Socket bind failed: [730048] °? ¼??? ???(?w?????/³×?¿?? ???/Æ÷?)´? ??ª¸¸ ??¿???
	at org.apache.tomcat.util.net.AprEndpoint.bind(AprEndpoint.java:471)
	at org.apache.tomcat.util.net.AbstractEndpoint.init(AbstractEndpoint.java:823)
	at org.apache.coyote.AbstractProtocol.init(AbstractProtocol.java:476)
	at org.apache.catalina.connector.Connector.initInternal(Connector.java:960)
	... 13 more

18-Dec-2019 09:28:07.749 정보 [main] org.apache.coyote.AbstractProtocol.init Initializing ProtocolHandler ["ajp-apr-8009"]
18-Dec-2019 09:28:07.752 심각 [main] org.apache.coyote.AbstractProtocol.init Failed to initialize end point associated with ProtocolHandler ["ajp-apr-8009"]
 java.lang.Exception: Socket bind failed: [730048] °? ¼??? ???(?w?????/³×?¿?? ???/Æ÷?)´? ??ª¸¸ ??¿???
	at org.apache.tomcat.util.net.AprEndpoint.bind(AprEndpoint.java:471)
	at org.apache.tomcat.util.net.AbstractEndpoint.init(AbstractEndpoint.java:823)
	at org.apache.coyote.AbstractProtocol.init(AbstractProtocol.java:476)
	at org.apache.catalina.connector.Connector.initInternal(Connector.java:960)
	at org.apache.catalina.util.LifecycleBase.init(LifecycleBase.java:102)
	at org.apache.catalina.core.StandardService.initInternal(StandardService.java:568)
	at org.apache.catalina.util.LifecycleBase.init(LifecycleBase.java:102)
	at org.apache.catalina.core.StandardServer.initInternal(StandardServer.java:871)
	at org.apache.catalina.util.LifecycleBase.init(LifecycleBase.java:102)
	at org.apache.catalina.startup.Catalina.load(Catalina.java:581)
	at org.apache.catalina.startup.Catalina.load(Catalina.java:604)
	at sun.reflect.NativeMethodAccessorImpl.invoke0(Native Method)
	at sun.reflect.NativeMethodAccessorImpl.invoke(Unknown Source)
	at sun.reflect.DelegatingMethodAccessorImpl.invoke(Unknown Source)
	at java.lang.reflect.Method.invoke(Unknown Source)
	at org.apache.catalina.startup.Bootstrap.load(Bootstrap.java:308)
	at org.apache.catalina.startup.Bootstrap.main(Bootstrap.java:482)

18-Dec-2019 09:28:07.755 심각 [main] org.apache.catalina.core.StandardService.initInternal Failed to initialize connector [Connector[AJP/1.3-8009]]
 org.apache.catalina.LifecycleException: Failed to initialize component [Connector[AJP/1.3-8009]]
	at org.apache.catalina.util.LifecycleBase.init(LifecycleBase.java:107)
	at org.apache.catalina.core.StandardService.initInternal(StandardService.java:568)
	at org.apache.catalina.util.LifecycleBase.init(LifecycleBase.java:102)
	at org.apache.catalina.core.StandardServer.initInternal(StandardServer.java:871)
	at org.apache.catalina.util.LifecycleBase.init(LifecycleBase.java:102)
	at org.apache.catalina.startup.Catalina.load(Catalina.java:581)
	at org.apache.catalina.startup.Catalina.load(Catalina.java:604)
	at sun.reflect.NativeMethodAccessorImpl.invoke0(Native Method)
	at sun.reflect.NativeMethodAccessorImpl.invoke(Unknown Source)
	at sun.reflect.DelegatingMethodAccessorImpl.invoke(Unknown Source)
	at java.lang.reflect.Method.invoke(Unknown Source)
	at org.apache.catalina.startup.Bootstrap.load(Bootstrap.java:308)
	at org.apache.catalina.startup.Bootstrap.main(Bootstrap.java:482)
Caused by: org.apache.catalina.LifecycleException: Protocol handler initialization failed
	at org.apache.catalina.connector.Connector.initInternal(Connector.java:962)
	at org.apache.catalina.util.LifecycleBase.init(LifecycleBase.java:102)
	... 12 more
Caused by: java.lang.Exception: Socket bind failed: [730048] °? ¼??? ???(?w?????/³×?¿?? ???/Æ÷?)´? ??ª¸¸ ??¿???
	at org.apache.tomcat.util.net.AprEndpoint.bind(AprEndpoint.java:471)
	at org.apache.tomcat.util.net.AbstractEndpoint.init(AbstractEndpoint.java:823)
	at org.apache.coyote.AbstractProtocol.init(AbstractProtocol.java:476)
	at org.apache.catalina.connector.Connector.initInternal(Connector.java:960)
	... 13 more

18-Dec-2019 09:28:07.758 정보 [main] org.apache.catalina.startup.Catalina.load Initialization processed in 1432 ms
18-Dec-2019 09:28:07.802 정보 [main] org.apache.catalina.core.StandardService.startInternal Starting service Catalina
18-Dec-2019 09:28:07.803 정보 [main] org.apache.catalina.core.StandardEngine.startInternal Starting Servlet Engine: Apache Tomcat/8.0.49
18-Dec-2019 09:28:07.836 정보 [localhost-startStop-1] org.apache.catalina.startup.HostConfig.deployWAR Deploying web application archive D:\4학년2학기\웹플응용텀프\apache-tomcat-8.0.49\webapps\test.war
18-Dec-2019 09:28:09.944 정보 [localhost-startStop-1] org.apache.jasper.servlet.TldScanner.scanJars At least one JAR was scanned for TLDs yet contained no TLDs. Enable debug logging for this logger for a complete list of JARs that were scanned but no TLDs were found in them. Skipping unneeded JARs during scanning can improve startup time and JSP compilation time.
18-Dec-2019 09:28:10.706 경고 [localhost-startStop-1] org.apache.catalina.util.SessionIdGeneratorBase.createSecureRandom Creation of SecureRandom instance for session ID generation using [SHA1PRNG] took [727] milliseconds.
18-Dec-2019 09:28:10.786 정보 [localhost-startStop-1] org.apache.catalina.startup.HostConfig.deployWAR Deployment of web application archive D:\4학년2학기\웹플응용텀프\apache-tomcat-8.0.49\webapps\test.war has finished in 2,950 ms
18-Dec-2019 09:28:10.787 정보 [localhost-startStop-1] org.apache.catalina.startup.HostConfig.deployDirectory Deploying web application directory D:\4학년2학기\웹플응용텀프\apache-tomcat-8.0.49\webapps\docs
18-Dec-2019 09:28:10.805 정보 [localhost-startStop-1] org.apache.catalina.startup.HostConfig.deployDirectory Deployment of web application directory D:\4학년2학기\웹플응용텀프\apache-tomcat-8.0.49\webapps\docs has finished in 17 ms
18-Dec-2019 09:28:10.805 정보 [localhost-startStop-1] org.apache.catalina.startup.HostConfig.deployDirectory Deploying web application directory D:\4학년2학기\웹플응용텀프\apache-tomcat-8.0.49\webapps\examples
18-Dec-2019 09:28:11.048 정보 [localhost-startStop-1] org.apache.catalina.startup.HostConfig.deployDirectory Deployment of web application directory D:\4학년2학기\웹플응용텀프\apache-tomcat-8.0.49\webapps\examples has finished in 243 ms
18-Dec-2019 09:28:11.049 정보 [localhost-startStop-1] org.apache.catalina.startup.HostConfig.deployDirectory Deploying web application directory D:\4학년2학기\웹플응용텀프\apache-tomcat-8.0.49\webapps\host-manager
18-Dec-2019 09:28:11.076 정보 [localhost-startStop-1] org.apache.catalina.startup.HostConfig.deployDirectory Deployment of web application directory D:\4학년2학기\웹플응용텀프\apache-tomcat-8.0.49\webapps\host-manager has finished in 27 ms
18-Dec-2019 09:28:11.077 정보 [localhost-startStop-1] org.apache.catalina.startup.HostConfig.deployDirectory Deploying web application directory D:\4학년2학기\웹플응용텀프\apache-tomcat-8.0.49\webapps\manager
18-Dec-2019 09:28:11.107 정보 [localhost-startStop-1] org.apache.catalina.startup.HostConfig.deployDirectory Deployment of web application directory D:\4학년2학기\웹플응용텀프\apache-tomcat-8.0.49\webapps\manager has finished in 29 ms
18-Dec-2019 09:28:11.107 정보 [localhost-startStop-1] org.apache.catalina.startup.HostConfig.deployDirectory Deploying web application directory D:\4학년2학기\웹플응용텀프\apache-tomcat-8.0.49\webapps\ROOT
18-Dec-2019 09:28:11.133 정보 [localhost-startStop-1] org.apache.catalina.startup.HostConfig.deployDirectory Deployment of web application directory D:\4학년2학기\웹플응용텀프\apache-tomcat-8.0.49\webapps\ROOT has finished in 25 ms
18-Dec-2019 09:28:11.140 정보 [main] org.apache.catalina.startup.Catalina.start Server startup in 3378 ms
18-Dec-2019 09:28:11.149 심각 [main] org.apache.catalina.core.StandardServer.await StandardServer.await: create[localhost:8005]: 
 java.net.BindException: Address already in use: JVM_Bind
	at java.net.DualStackPlainSocketImpl.bind0(Native Method)
	at java.net.DualStackPlainSocketImpl.socketBind(Unknown Source)
	at java.net.AbstractPlainSocketImpl.bind(Unknown Source)
	at java.net.PlainSocketImpl.bind(Unknown Source)
	at java.net.ServerSocket.bind(Unknown Source)
	at java.net.ServerSocket.<init>(Unknown Source)
	at org.apache.catalina.core.StandardServer.await(StandardServer.java:438)
	at org.apache.catalina.startup.Catalina.await(Catalina.java:718)
	at org.apache.catalina.startup.Catalina.start(Catalina.java:664)
	at sun.reflect.NativeMethodAccessorImpl.invoke0(Native Method)
	at sun.reflect.NativeMethodAccessorImpl.invoke(Unknown Source)
	at sun.reflect.DelegatingMethodAccessorImpl.invoke(Unknown Source)
	at java.lang.reflect.Method.invoke(Unknown Source)
	at org.apache.catalina.startup.Bootstrap.start(Bootstrap.java:349)
	at org.apache.catalina.startup.Bootstrap.main(Bootstrap.java:483)

18-Dec-2019 09:28:11.150 정보 [main] org.apache.coyote.AbstractProtocol.pause Pausing ProtocolHandler ["http-apr-8080"]
18-Dec-2019 09:28:11.151 정보 [main] org.apache.coyote.AbstractProtocol.pause Pausing ProtocolHandler ["ajp-apr-8009"]
18-Dec-2019 09:28:11.155 정보 [main] org.apache.catalina.core.StandardService.stopInternal Stopping service Catalina
18-Dec-2019 09:28:11.189 경고 [localhost-startStop-1] org.apache.catalina.loader.WebappClassLoaderBase.clearReferencesJdbc The web application [test] registered the JDBC driver [com.mysql.jdbc.Driver] but failed to unregister it when the web application was stopped. To prevent a memory leak, the JDBC Driver has been forcibly unregistered.
18-Dec-2019 09:28:11.190 경고 [localhost-startStop-1] org.apache.catalina.loader.WebappClassLoaderBase.clearReferencesJdbc The web application [test] registered the JDBC driver [org.apache.commons.dbcp.PoolingDriver] but failed to unregister it when the web application was stopped. To prevent a memory leak, the JDBC Driver has been forcibly unregistered.
18-Dec-2019 09:28:11.192 경고 [localhost-startStop-1] org.apache.catalina.loader.WebappClassLoaderBase.clearReferencesThreads The web application [test] appears to have started a thread named [Abandoned connection cleanup thread] but has failed to stop it. This is very likely to create a memory leak. Stack trace of thread:
 java.lang.Object.wait(Native Method)
 java.lang.ref.ReferenceQueue.remove(Unknown Source)
 java.lang.ref.ReferenceQueue.remove(Unknown Source)
 com.mysql.jdbc.NonRegisteringDriver$1.run(NonRegisteringDriver.java:93)
18-Dec-2019 09:28:11.202 정보 [main] org.apache.coyote.AbstractProtocol.stop Stopping ProtocolHandler ["http-apr-8080"]
18-Dec-2019 09:28:11.203 정보 [main] org.apache.coyote.AbstractProtocol.destroy Destroying ProtocolHandler ["http-apr-8080"]
18-Dec-2019 09:28:11.204 정보 [main] org.apache.coyote.AbstractProtocol.stop Stopping ProtocolHandler ["ajp-apr-8009"]
18-Dec-2019 09:28:11.206 정보 [main] org.apache.coyote.AbstractProtocol.destroy Destroying ProtocolHandler ["ajp-apr-8009"]
18-Dec-2019 09:28:30.430 정보 [main] org.apache.catalina.startup.VersionLoggerListener.log Server version:        Apache Tomcat/8.0.49
18-Dec-2019 09:28:30.433 정보 [main] org.apache.catalina.startup.VersionLoggerListener.log Server built:          Jan 19 2018 20:21:23 UTC
18-Dec-2019 09:28:30.433 정보 [main] org.apache.catalina.startup.VersionLoggerListener.log Server number:         8.0.49.0
18-Dec-2019 09:28:30.434 정보 [main] org.apache.catalina.startup.VersionLoggerListener.log OS Name:               Windows 10
18-Dec-2019 09:28:30.434 정보 [main] org.apache.catalina.startup.VersionLoggerListener.log OS Version:            10.0
18-Dec-2019 09:28:30.434 정보 [main] org.apache.catalina.startup.VersionLoggerListener.log Architecture:          amd64
18-Dec-2019 09:28:30.435 정보 [main] org.apache.catalina.startup.VersionLoggerListener.log Java Home:             D:\Java\jre1.8.0_201
18-Dec-2019 09:28:30.435 정보 [main] org.apache.catalina.startup.VersionLoggerListener.log JVM Version:           1.8.0_201-b09
18-Dec-2019 09:28:30.435 정보 [main] org.apache.catalina.startup.VersionLoggerListener.log JVM Vendor:            Oracle Corporation
18-Dec-2019 09:28:30.436 정보 [main] org.apache.catalina.startup.VersionLoggerListener.log CATALINA_BASE:         D:\4학년2학기\웹플응용텀프\apache-tomcat-8.0.49
18-Dec-2019 09:28:30.436 정보 [main] org.apache.catalina.startup.VersionLoggerListener.log CATALINA_HOME:         D:\4학년2학기\웹플응용텀프\apache-tomcat-8.0.49
18-Dec-2019 09:28:30.437 정보 [main] org.apache.catalina.startup.VersionLoggerListener.log Command line argument: -Djava.util.logging.config.file=D:\4학년2학기\웹플응용텀프\apache-tomcat-8.0.49\conf\logging.properties
18-Dec-2019 09:28:30.437 정보 [main] org.apache.catalina.startup.VersionLoggerListener.log Command line argument: -Djava.util.logging.manager=org.apache.juli.ClassLoaderLogManager
18-Dec-2019 09:28:30.438 정보 [main] org.apache.catalina.startup.VersionLoggerListener.log Command line argument: -Djdk.tls.ephemeralDHKeySize=2048
18-Dec-2019 09:28:30.438 정보 [main] org.apache.catalina.startup.VersionLoggerListener.log Command line argument: -Djava.protocol.handler.pkgs=org.apache.catalina.webresources
18-Dec-2019 09:28:30.438 정보 [main] org.apache.catalina.startup.VersionLoggerListener.log Command line argument: -Dignore.endorsed.dirs=
18-Dec-2019 09:28:30.439 정보 [main] org.apache.catalina.startup.VersionLoggerListener.log Command line argument: -Dcatalina.base=D:\4학년2학기\웹플응용텀프\apache-tomcat-8.0.49
18-Dec-2019 09:28:30.440 정보 [main] org.apache.catalina.startup.VersionLoggerListener.log Command line argument: -Dcatalina.home=D:\4학년2학기\웹플응용텀프\apache-tomcat-8.0.49
18-Dec-2019 09:28:30.441 정보 [main] org.apache.catalina.startup.VersionLoggerListener.log Command line argument: -Djava.io.tmpdir=D:\4학년2학기\웹플응용텀프\apache-tomcat-8.0.49\temp
18-Dec-2019 09:28:30.447 정보 [main] org.apache.catalina.core.AprLifecycleListener.lifecycleEvent Loaded APR based Apache Tomcat Native library 1.2.16 using APR version 1.6.3.
18-Dec-2019 09:28:30.448 정보 [main] org.apache.catalina.core.AprLifecycleListener.lifecycleEvent APR capabilities: IPv6 [true], sendfile [true], accept filters [false], random [true].
18-Dec-2019 09:28:31.161 정보 [main] org.apache.catalina.core.AprLifecycleListener.initializeSSL OpenSSL successfully initialized (OpenSSL 1.0.2m  2 Nov 2017)
18-Dec-2019 09:28:31.282 정보 [main] org.apache.coyote.AbstractProtocol.init Initializing ProtocolHandler ["http-apr-8080"]
18-Dec-2019 09:28:31.295 심각 [main] org.apache.coyote.AbstractProtocol.init Failed to initialize end point associated with ProtocolHandler ["http-apr-8080"]
 java.lang.Exception: Socket bind failed: [730048] °? ¼??? ???(?w?????/³×?¿?? ???/Æ÷?)´? ??ª¸¸ ??¿???
	at org.apache.tomcat.util.net.AprEndpoint.bind(AprEndpoint.java:471)
	at org.apache.tomcat.util.net.AbstractEndpoint.init(AbstractEndpoint.java:823)
	at org.apache.coyote.AbstractProtocol.init(AbstractProtocol.java:476)
	at org.apache.catalina.connector.Connector.initInternal(Connector.java:960)
	at org.apache.catalina.util.LifecycleBase.init(LifecycleBase.java:102)
	at org.apache.catalina.core.StandardService.initInternal(StandardService.java:568)
	at org.apache.catalina.util.LifecycleBase.init(LifecycleBase.java:102)
	at org.apache.catalina.core.StandardServer.initInternal(StandardServer.java:871)
	at org.apache.catalina.util.LifecycleBase.init(LifecycleBase.java:102)
	at org.apache.catalina.startup.Catalina.load(Catalina.java:581)
	at org.apache.catalina.startup.Catalina.load(Catalina.java:604)
	at sun.reflect.NativeMethodAccessorImpl.invoke0(Native Method)
	at sun.reflect.NativeMethodAccessorImpl.invoke(Unknown Source)
	at sun.reflect.DelegatingMethodAccessorImpl.invoke(Unknown Source)
	at java.lang.reflect.Method.invoke(Unknown Source)
	at org.apache.catalina.startup.Bootstrap.load(Bootstrap.java:308)
	at org.apache.catalina.startup.Bootstrap.main(Bootstrap.java:482)

18-Dec-2019 09:28:31.298 심각 [main] org.apache.catalina.core.StandardService.initInternal Failed to initialize connector [Connector[HTTP/1.1-8080]]
 org.apache.catalina.LifecycleException: Failed to initialize component [Connector[HTTP/1.1-8080]]
	at org.apache.catalina.util.LifecycleBase.init(LifecycleBase.java:107)
	at org.apache.catalina.core.StandardService.initInternal(StandardService.java:568)
	at org.apache.catalina.util.LifecycleBase.init(LifecycleBase.java:102)
	at org.apache.catalina.core.StandardServer.initInternal(StandardServer.java:871)
	at org.apache.catalina.util.LifecycleBase.init(LifecycleBase.java:102)
	at org.apache.catalina.startup.Catalina.load(Catalina.java:581)
	at org.apache.catalina.startup.Catalina.load(Catalina.java:604)
	at sun.reflect.NativeMethodAccessorImpl.invoke0(Native Method)
	at sun.reflect.NativeMethodAccessorImpl.invoke(Unknown Source)
	at sun.reflect.DelegatingMethodAccessorImpl.invoke(Unknown Source)
	at java.lang.reflect.Method.invoke(Unknown Source)
	at org.apache.catalina.startup.Bootstrap.load(Bootstrap.java:308)
	at org.apache.catalina.startup.Bootstrap.main(Bootstrap.java:482)
Caused by: org.apache.catalina.LifecycleException: Protocol handler initialization failed
	at org.apache.catalina.connector.Connector.initInternal(Connector.java:962)
	at org.apache.catalina.util.LifecycleBase.init(LifecycleBase.java:102)
	... 12 more
Caused by: java.lang.Exception: Socket bind failed: [730048] °? ¼??? ???(?w?????/³×?¿?? ???/Æ÷?)´? ??ª¸¸ ??¿???
	at org.apache.tomcat.util.net.AprEndpoint.bind(AprEndpoint.java:471)
	at org.apache.tomcat.util.net.AbstractEndpoint.init(AbstractEndpoint.java:823)
	at org.apache.coyote.AbstractProtocol.init(AbstractProtocol.java:476)
	at org.apache.catalina.connector.Connector.initInternal(Connector.java:960)
	... 13 more

18-Dec-2019 09:28:31.301 정보 [main] org.apache.coyote.AbstractProtocol.init Initializing ProtocolHandler ["ajp-apr-8009"]
18-Dec-2019 09:28:31.307 심각 [main] org.apache.coyote.AbstractProtocol.init Failed to initialize end point associated with ProtocolHandler ["ajp-apr-8009"]
 java.lang.Exception: Socket bind failed: [730048] °? ¼??? ???(?w?????/³×?¿?? ???/Æ÷?)´? ??ª¸¸ ??¿???
	at org.apache.tomcat.util.net.AprEndpoint.bind(AprEndpoint.java:471)
	at org.apache.tomcat.util.net.AbstractEndpoint.init(AbstractEndpoint.java:823)
	at org.apache.coyote.AbstractProtocol.init(AbstractProtocol.java:476)
	at org.apache.catalina.connector.Connector.initInternal(Connector.java:960)
	at org.apache.catalina.util.LifecycleBase.init(LifecycleBase.java:102)
	at org.apache.catalina.core.StandardService.initInternal(StandardService.java:568)
	at org.apache.catalina.util.LifecycleBase.init(LifecycleBase.java:102)
	at org.apache.catalina.core.StandardServer.initInternal(StandardServer.java:871)
	at org.apache.catalina.util.LifecycleBase.init(LifecycleBase.java:102)
	at org.apache.catalina.startup.Catalina.load(Catalina.java:581)
	at org.apache.catalina.startup.Catalina.load(Catalina.java:604)
	at sun.reflect.NativeMethodAccessorImpl.invoke0(Native Method)
	at sun.reflect.NativeMethodAccessorImpl.invoke(Unknown Source)
	at sun.reflect.DelegatingMethodAccessorImpl.invoke(Unknown Source)
	at java.lang.reflect.Method.invoke(Unknown Source)
	at org.apache.catalina.startup.Bootstrap.load(Bootstrap.java:308)
	at org.apache.catalina.startup.Bootstrap.main(Bootstrap.java:482)

18-Dec-2019 09:28:31.309 심각 [main] org.apache.catalina.core.StandardService.initInternal Failed to initialize connector [Connector[AJP/1.3-8009]]
 org.apache.catalina.LifecycleException: Failed to initialize component [Connector[AJP/1.3-8009]]
	at org.apache.catalina.util.LifecycleBase.init(LifecycleBase.java:107)
	at org.apache.catalina.core.StandardService.initInternal(StandardService.java:568)
	at org.apache.catalina.util.LifecycleBase.init(LifecycleBase.java:102)
	at org.apache.catalina.core.StandardServer.initInternal(StandardServer.java:871)
	at org.apache.catalina.util.LifecycleBase.init(LifecycleBase.java:102)
	at org.apache.catalina.startup.Catalina.load(Catalina.java:581)
	at org.apache.catalina.startup.Catalina.load(Catalina.java:604)
	at sun.reflect.NativeMethodAccessorImpl.invoke0(Native Method)
	at sun.reflect.NativeMethodAccessorImpl.invoke(Unknown Source)
	at sun.reflect.DelegatingMethodAccessorImpl.invoke(Unknown Source)
	at java.lang.reflect.Method.invoke(Unknown Source)
	at org.apache.catalina.startup.Bootstrap.load(Bootstrap.java:308)
	at org.apache.catalina.startup.Bootstrap.main(Bootstrap.java:482)
Caused by: org.apache.catalina.LifecycleException: Protocol handler initialization failed
	at org.apache.catalina.connector.Connector.initInternal(Connector.java:962)
	at org.apache.catalina.util.LifecycleBase.init(LifecycleBase.java:102)
	... 12 more
Caused by: java.lang.Exception: Socket bind failed: [730048] °? ¼??? ???(?w?????/³×?¿?? ???/Æ÷?)´? ??ª¸¸ ??¿???
	at org.apache.tomcat.util.net.AprEndpoint.bind(AprEndpoint.java:471)
	at org.apache.tomcat.util.net.AbstractEndpoint.init(AbstractEndpoint.java:823)
	at org.apache.coyote.AbstractProtocol.init(AbstractProtocol.java:476)
	at org.apache.catalina.connector.Connector.initInternal(Connector.java:960)
	... 13 more

18-Dec-2019 09:28:31.311 정보 [main] org.apache.catalina.startup.Catalina.load Initialization processed in 1231 ms
18-Dec-2019 09:28:31.350 정보 [main] org.apache.catalina.core.StandardService.startInternal Starting service Catalina
18-Dec-2019 09:28:31.351 정보 [main] org.apache.catalina.core.StandardEngine.startInternal Starting Servlet Engine: Apache Tomcat/8.0.49
18-Dec-2019 09:28:31.376 정보 [localhost-startStop-1] org.apache.catalina.startup.HostConfig.deployWAR Deploying web application archive D:\4학년2학기\웹플응용텀프\apache-tomcat-8.0.49\webapps\test.war
18-Dec-2019 09:28:31.931 정보 [localhost-startStop-1] org.apache.jasper.servlet.TldScanner.scanJars At least one JAR was scanned for TLDs yet contained no TLDs. Enable debug logging for this logger for a complete list of JARs that were scanned but no TLDs were found in them. Skipping unneeded JARs during scanning can improve startup time and JSP compilation time.
18-Dec-2019 09:28:32.704 경고 [localhost-startStop-1] org.apache.catalina.util.SessionIdGeneratorBase.createSecureRandom Creation of SecureRandom instance for session ID generation using [SHA1PRNG] took [740] milliseconds.
18-Dec-2019 09:28:32.780 정보 [localhost-startStop-1] org.apache.catalina.startup.HostConfig.deployWAR Deployment of web application archive D:\4학년2학기\웹플응용텀프\apache-tomcat-8.0.49\webapps\test.war has finished in 1,404 ms
18-Dec-2019 09:28:32.781 정보 [localhost-startStop-1] org.apache.catalina.startup.HostConfig.deployDirectory Deploying web application directory D:\4학년2학기\웹플응용텀프\apache-tomcat-8.0.49\webapps\docs
18-Dec-2019 09:28:32.801 정보 [localhost-startStop-1] org.apache.catalina.startup.HostConfig.deployDirectory Deployment of web application directory D:\4학년2학기\웹플응용텀프\apache-tomcat-8.0.49\webapps\docs has finished in 20 ms
18-Dec-2019 09:28:32.802 정보 [localhost-startStop-1] org.apache.catalina.startup.HostConfig.deployDirectory Deploying web application directory D:\4학년2학기\웹플응용텀프\apache-tomcat-8.0.49\webapps\examples
18-Dec-2019 09:28:33.028 정보 [localhost-startStop-1] org.apache.catalina.startup.HostConfig.deployDirectory Deployment of web application directory D:\4학년2학기\웹플응용텀프\apache-tomcat-8.0.49\webapps\examples has finished in 226 ms
18-Dec-2019 09:28:33.029 정보 [localhost-startStop-1] org.apache.catalina.startup.HostConfig.deployDirectory Deploying web application directory D:\4학년2학기\웹플응용텀프\apache-tomcat-8.0.49\webapps\host-manager
18-Dec-2019 09:28:33.069 정보 [localhost-startStop-1] org.apache.catalina.startup.HostConfig.deployDirectory Deployment of web application directory D:\4학년2학기\웹플응용텀프\apache-tomcat-8.0.49\webapps\host-manager has finished in 40 ms
18-Dec-2019 09:28:33.069 정보 [localhost-startStop-1] org.apache.catalina.startup.HostConfig.deployDirectory Deploying web application directory D:\4학년2학기\웹플응용텀프\apache-tomcat-8.0.49\webapps\manager
18-Dec-2019 09:28:33.100 정보 [localhost-startStop-1] org.apache.catalina.startup.HostConfig.deployDirectory Deployment of web application directory D:\4학년2학기\웹플응용텀프\apache-tomcat-8.0.49\webapps\manager has finished in 31 ms
18-Dec-2019 09:28:33.101 정보 [localhost-startStop-1] org.apache.catalina.startup.HostConfig.deployDirectory Deploying web application directory D:\4학년2학기\웹플응용텀프\apache-tomcat-8.0.49\webapps\ROOT
18-Dec-2019 09:28:33.125 정보 [localhost-startStop-1] org.apache.catalina.startup.HostConfig.deployDirectory Deployment of web application directory D:\4학년2학기\웹플응용텀프\apache-tomcat-8.0.49\webapps\ROOT has finished in 24 ms
18-Dec-2019 09:28:33.130 정보 [main] org.apache.catalina.startup.Catalina.start Server startup in 1817 ms
18-Dec-2019 09:28:33.139 심각 [main] org.apache.catalina.core.StandardServer.await StandardServer.await: create[localhost:8005]: 
 java.net.BindException: Address already in use: JVM_Bind
	at java.net.DualStackPlainSocketImpl.bind0(Native Method)
	at java.net.DualStackPlainSocketImpl.socketBind(Unknown Source)
	at java.net.AbstractPlainSocketImpl.bind(Unknown Source)
	at java.net.PlainSocketImpl.bind(Unknown Source)
	at java.net.ServerSocket.bind(Unknown Source)
	at java.net.ServerSocket.<init>(Unknown Source)
	at org.apache.catalina.core.StandardServer.await(StandardServer.java:438)
	at org.apache.catalina.startup.Catalina.await(Catalina.java:718)
	at org.apache.catalina.startup.Catalina.start(Catalina.java:664)
	at sun.reflect.NativeMethodAccessorImpl.invoke0(Native Method)
	at sun.reflect.NativeMethodAccessorImpl.invoke(Unknown Source)
	at sun.reflect.DelegatingMethodAccessorImpl.invoke(Unknown Source)
	at java.lang.reflect.Method.invoke(Unknown Source)
	at org.apache.catalina.startup.Bootstrap.start(Bootstrap.java:349)
	at org.apache.catalina.startup.Bootstrap.main(Bootstrap.java:483)

18-Dec-2019 09:28:33.140 정보 [main] org.apache.coyote.AbstractProtocol.pause Pausing ProtocolHandler ["http-apr-8080"]
18-Dec-2019 09:28:33.141 정보 [main] org.apache.coyote.AbstractProtocol.pause Pausing ProtocolHandler ["ajp-apr-8009"]
18-Dec-2019 09:28:33.144 정보 [main] org.apache.catalina.core.StandardService.stopInternal Stopping service Catalina
18-Dec-2019 09:28:33.176 경고 [localhost-startStop-1] org.apache.catalina.loader.WebappClassLoaderBase.clearReferencesJdbc The web application [test] registered the JDBC driver [com.mysql.jdbc.Driver] but failed to unregister it when the web application was stopped. To prevent a memory leak, the JDBC Driver has been forcibly unregistered.
18-Dec-2019 09:28:33.177 경고 [localhost-startStop-1] org.apache.catalina.loader.WebappClassLoaderBase.clearReferencesJdbc The web application [test] registered the JDBC driver [org.apache.commons.dbcp.PoolingDriver] but failed to unregister it when the web application was stopped. To prevent a memory leak, the JDBC Driver has been forcibly unregistered.
18-Dec-2019 09:28:33.179 경고 [localhost-startStop-1] org.apache.catalina.loader.WebappClassLoaderBase.clearReferencesThreads The web application [test] appears to have started a thread named [Abandoned connection cleanup thread] but has failed to stop it. This is very likely to create a memory leak. Stack trace of thread:
 java.lang.Object.wait(Native Method)
 java.lang.ref.ReferenceQueue.remove(Unknown Source)
 java.lang.ref.ReferenceQueue.remove(Unknown Source)
 com.mysql.jdbc.NonRegisteringDriver$1.run(NonRegisteringDriver.java:93)
18-Dec-2019 09:28:33.187 정보 [main] org.apache.coyote.AbstractProtocol.stop Stopping ProtocolHandler ["http-apr-8080"]
18-Dec-2019 09:28:33.189 정보 [main] org.apache.coyote.AbstractProtocol.destroy Destroying ProtocolHandler ["http-apr-8080"]
18-Dec-2019 09:28:33.190 정보 [main] org.apache.coyote.AbstractProtocol.stop Stopping ProtocolHandler ["ajp-apr-8009"]
18-Dec-2019 09:28:33.194 정보 [main] org.apache.coyote.AbstractProtocol.destroy Destroying ProtocolHandler ["ajp-apr-8009"]
18-Dec-2019 09:28:41.069 정보 [main] org.apache.catalina.startup.VersionLoggerListener.log Server version:        Apache Tomcat/8.0.49
18-Dec-2019 09:28:41.071 정보 [main] org.apache.catalina.startup.VersionLoggerListener.log Server built:          Jan 19 2018 20:21:23 UTC
18-Dec-2019 09:28:41.072 정보 [main] org.apache.catalina.startup.VersionLoggerListener.log Server number:         8.0.49.0
18-Dec-2019 09:28:41.072 정보 [main] org.apache.catalina.startup.VersionLoggerListener.log OS Name:               Windows 10
18-Dec-2019 09:28:41.073 정보 [main] org.apache.catalina.startup.VersionLoggerListener.log OS Version:            10.0
18-Dec-2019 09:28:41.073 정보 [main] org.apache.catalina.startup.VersionLoggerListener.log Architecture:          amd64
18-Dec-2019 09:28:41.073 정보 [main] org.apache.catalina.startup.VersionLoggerListener.log Java Home:             D:\Java\jre1.8.0_201
18-Dec-2019 09:28:41.074 정보 [main] org.apache.catalina.startup.VersionLoggerListener.log JVM Version:           1.8.0_201-b09
18-Dec-2019 09:28:41.074 정보 [main] org.apache.catalina.startup.VersionLoggerListener.log JVM Vendor:            Oracle Corporation
18-Dec-2019 09:28:41.075 정보 [main] org.apache.catalina.startup.VersionLoggerListener.log CATALINA_BASE:         D:\4학년2학기\웹플응용텀프\apache-tomcat-8.0.49
18-Dec-2019 09:28:41.075 정보 [main] org.apache.catalina.startup.VersionLoggerListener.log CATALINA_HOME:         D:\4학년2학기\웹플응용텀프\apache-tomcat-8.0.49
18-Dec-2019 09:28:41.076 정보 [main] org.apache.catalina.startup.VersionLoggerListener.log Command line argument: -Djava.util.logging.config.file=D:\4학년2학기\웹플응용텀프\apache-tomcat-8.0.49\conf\logging.properties
18-Dec-2019 09:28:41.076 정보 [main] org.apache.catalina.startup.VersionLoggerListener.log Command line argument: -Djava.util.logging.manager=org.apache.juli.ClassLoaderLogManager
18-Dec-2019 09:28:41.077 정보 [main] org.apache.catalina.startup.VersionLoggerListener.log Command line argument: -Djdk.tls.ephemeralDHKeySize=2048
18-Dec-2019 09:28:41.077 정보 [main] org.apache.catalina.startup.VersionLoggerListener.log Command line argument: -Djava.protocol.handler.pkgs=org.apache.catalina.webresources
18-Dec-2019 09:28:41.078 정보 [main] org.apache.catalina.startup.VersionLoggerListener.log Command line argument: -Dignore.endorsed.dirs=
18-Dec-2019 09:28:41.078 정보 [main] org.apache.catalina.startup.VersionLoggerListener.log Command line argument: -Dcatalina.base=D:\4학년2학기\웹플응용텀프\apache-tomcat-8.0.49
18-Dec-2019 09:28:41.079 정보 [main] org.apache.catalina.startup.VersionLoggerListener.log Command line argument: -Dcatalina.home=D:\4학년2학기\웹플응용텀프\apache-tomcat-8.0.49
18-Dec-2019 09:28:41.080 정보 [main] org.apache.catalina.startup.VersionLoggerListener.log Command line argument: -Djava.io.tmpdir=D:\4학년2학기\웹플응용텀프\apache-tomcat-8.0.49\temp
18-Dec-2019 09:28:41.088 정보 [main] org.apache.catalina.core.AprLifecycleListener.lifecycleEvent Loaded APR based Apache Tomcat Native library 1.2.16 using APR version 1.6.3.
18-Dec-2019 09:28:41.088 정보 [main] org.apache.catalina.core.AprLifecycleListener.lifecycleEvent APR capabilities: IPv6 [true], sendfile [true], accept filters [false], random [true].
18-Dec-2019 09:28:41.829 정보 [main] org.apache.catalina.core.AprLifecycleListener.initializeSSL OpenSSL successfully initialized (OpenSSL 1.0.2m  2 Nov 2017)
18-Dec-2019 09:28:41.953 정보 [main] org.apache.coyote.AbstractProtocol.init Initializing ProtocolHandler ["http-apr-8080"]
18-Dec-2019 09:28:41.962 정보 [main] org.apache.coyote.AbstractProtocol.init Initializing ProtocolHandler ["ajp-apr-8009"]
18-Dec-2019 09:28:41.965 정보 [main] org.apache.catalina.startup.Catalina.load Initialization processed in 1261 ms
18-Dec-2019 09:28:41.999 정보 [main] org.apache.catalina.core.StandardService.startInternal Starting service Catalina
18-Dec-2019 09:28:42.000 정보 [main] org.apache.catalina.core.StandardEngine.startInternal Starting Servlet Engine: Apache Tomcat/8.0.49
18-Dec-2019 09:28:42.031 정보 [localhost-startStop-1] org.apache.catalina.startup.HostConfig.deployWAR Deploying web application archive D:\4학년2학기\웹플응용텀프\apache-tomcat-8.0.49\webapps\test.war
18-Dec-2019 09:28:42.557 정보 [localhost-startStop-1] org.apache.jasper.servlet.TldScanner.scanJars At least one JAR was scanned for TLDs yet contained no TLDs. Enable debug logging for this logger for a complete list of JARs that were scanned but no TLDs were found in them. Skipping unneeded JARs during scanning can improve startup time and JSP compilation time.
18-Dec-2019 09:28:43.322 경고 [localhost-startStop-1] org.apache.catalina.util.SessionIdGeneratorBase.createSecureRandom Creation of SecureRandom instance for session ID generation using [SHA1PRNG] took [732] milliseconds.
18-Dec-2019 09:28:43.453 정보 [localhost-startStop-1] org.apache.catalina.startup.HostConfig.deployWAR Deployment of web application archive D:\4학년2학기\웹플응용텀프\apache-tomcat-8.0.49\webapps\test.war has finished in 1,423 ms
18-Dec-2019 09:28:43.455 정보 [localhost-startStop-1] org.apache.catalina.startup.HostConfig.deployDirectory Deploying web application directory D:\4학년2학기\웹플응용텀프\apache-tomcat-8.0.49\webapps\docs
18-Dec-2019 09:28:43.485 정보 [localhost-startStop-1] org.apache.catalina.startup.HostConfig.deployDirectory Deployment of web application directory D:\4학년2학기\웹플응용텀프\apache-tomcat-8.0.49\webapps\docs has finished in 30 ms
18-Dec-2019 09:28:43.486 정보 [localhost-startStop-1] org.apache.catalina.startup.HostConfig.deployDirectory Deploying web application directory D:\4학년2학기\웹플응용텀프\apache-tomcat-8.0.49\webapps\examples
18-Dec-2019 09:28:43.716 정보 [localhost-startStop-1] org.apache.catalina.startup.HostConfig.deployDirectory Deployment of web application directory D:\4학년2학기\웹플응용텀프\apache-tomcat-8.0.49\webapps\examples has finished in 230 ms
18-Dec-2019 09:28:43.717 정보 [localhost-startStop-1] org.apache.catalina.startup.HostConfig.deployDirectory Deploying web application directory D:\4학년2학기\웹플응용텀프\apache-tomcat-8.0.49\webapps\host-manager
18-Dec-2019 09:28:43.755 정보 [localhost-startStop-1] org.apache.catalina.startup.HostConfig.deployDirectory Deployment of web application directory D:\4학년2학기\웹플응용텀프\apache-tomcat-8.0.49\webapps\host-manager has finished in 38 ms
18-Dec-2019 09:28:43.756 정보 [localhost-startStop-1] org.apache.catalina.startup.HostConfig.deployDirectory Deploying web application directory D:\4학년2학기\웹플응용텀프\apache-tomcat-8.0.49\webapps\manager
18-Dec-2019 09:28:43.785 정보 [localhost-startStop-1] org.apache.catalina.startup.HostConfig.deployDirectory Deployment of web application directory D:\4학년2학기\웹플응용텀프\apache-tomcat-8.0.49\webapps\manager has finished in 29 ms
18-Dec-2019 09:28:43.786 정보 [localhost-startStop-1] org.apache.catalina.startup.HostConfig.deployDirectory Deploying web application directory D:\4학년2학기\웹플응용텀프\apache-tomcat-8.0.49\webapps\ROOT
18-Dec-2019 09:28:43.807 정보 [localhost-startStop-1] org.apache.catalina.startup.HostConfig.deployDirectory Deployment of web application directory D:\4학년2학기\웹플응용텀프\apache-tomcat-8.0.49\webapps\ROOT has finished in 21 ms
18-Dec-2019 09:28:43.812 정보 [main] org.apache.coyote.AbstractProtocol.start Starting ProtocolHandler ["http-apr-8080"]
18-Dec-2019 09:28:43.828 정보 [main] org.apache.coyote.AbstractProtocol.start Starting ProtocolHandler ["ajp-apr-8009"]
18-Dec-2019 09:28:43.835 정보 [main] org.apache.catalina.startup.Catalina.start Server startup in 1868 ms
18-Dec-2019 09:46:32.373 정보 [main] org.apache.catalina.core.StandardServer.await A valid shutdown command was received via the shutdown port. Stopping the Server instance.
18-Dec-2019 09:46:32.379 정보 [main] org.apache.coyote.AbstractProtocol.pause Pausing ProtocolHandler ["http-apr-8080"]
18-Dec-2019 09:46:32.435 정보 [main] org.apache.coyote.AbstractProtocol.pause Pausing ProtocolHandler ["ajp-apr-8009"]
18-Dec-2019 09:46:32.486 정보 [main] org.apache.catalina.core.StandardService.stopInternal Stopping service Catalina
18-Dec-2019 09:46:32.581 경고 [localhost-startStop-2] org.apache.catalina.loader.WebappClassLoaderBase.clearReferencesJdbc The web application [test] registered the JDBC driver [com.mysql.jdbc.Driver] but failed to unregister it when the web application was stopped. To prevent a memory leak, the JDBC Driver has been forcibly unregistered.
18-Dec-2019 09:46:32.581 경고 [localhost-startStop-2] org.apache.catalina.loader.WebappClassLoaderBase.clearReferencesJdbc The web application [test] registered the JDBC driver [org.apache.commons.dbcp.PoolingDriver] but failed to unregister it when the web application was stopped. To prevent a memory leak, the JDBC Driver has been forcibly unregistered.
18-Dec-2019 09:46:32.585 경고 [localhost-startStop-2] org.apache.catalina.loader.WebappClassLoaderBase.clearReferencesThreads The web application [test] appears to have started a thread named [Abandoned connection cleanup thread] but has failed to stop it. This is very likely to create a memory leak. Stack trace of thread:
 java.lang.Object.wait(Native Method)
 java.lang.ref.ReferenceQueue.remove(Unknown Source)
 java.lang.ref.ReferenceQueue.remove(Unknown Source)
 com.mysql.jdbc.NonRegisteringDriver$1.run(NonRegisteringDriver.java:93)
18-Dec-2019 09:46:32.593 정보 [main] org.apache.coyote.AbstractProtocol.stop Stopping ProtocolHandler ["http-apr-8080"]
18-Dec-2019 09:46:32.647 정보 [main] org.apache.coyote.AbstractProtocol.stop Stopping ProtocolHandler ["ajp-apr-8009"]
18-Dec-2019 09:46:32.702 정보 [main] org.apache.coyote.AbstractProtocol.destroy Destroying ProtocolHandler ["http-apr-8080"]
18-Dec-2019 09:46:32.703 정보 [main] org.apache.coyote.AbstractProtocol.destroy Destroying ProtocolHandler ["ajp-apr-8009"]
18-Dec-2019 09:47:01.426 정보 [main] org.apache.catalina.startup.VersionLoggerListener.log Server version:        Apache Tomcat/8.0.49
18-Dec-2019 09:47:01.428 정보 [main] org.apache.catalina.startup.VersionLoggerListener.log Server built:          Jan 19 2018 20:21:23 UTC
18-Dec-2019 09:47:01.429 정보 [main] org.apache.catalina.startup.VersionLoggerListener.log Server number:         8.0.49.0
18-Dec-2019 09:47:01.429 정보 [main] org.apache.catalina.startup.VersionLoggerListener.log OS Name:               Windows 10
18-Dec-2019 09:47:01.429 정보 [main] org.apache.catalina.startup.VersionLoggerListener.log OS Version:            10.0
18-Dec-2019 09:47:01.429 정보 [main] org.apache.catalina.startup.VersionLoggerListener.log Architecture:          amd64
18-Dec-2019 09:47:01.430 정보 [main] org.apache.catalina.startup.VersionLoggerListener.log Java Home:             D:\Java\jre1.8.0_201
18-Dec-2019 09:47:01.430 정보 [main] org.apache.catalina.startup.VersionLoggerListener.log JVM Version:           1.8.0_201-b09
18-Dec-2019 09:47:01.430 정보 [main] org.apache.catalina.startup.VersionLoggerListener.log JVM Vendor:            Oracle Corporation
18-Dec-2019 09:47:01.431 정보 [main] org.apache.catalina.startup.VersionLoggerListener.log CATALINA_BASE:         D:\4학년2학기\웹플응용텀프\apache-tomcat-8.0.49
18-Dec-2019 09:47:01.431 정보 [main] org.apache.catalina.startup.VersionLoggerListener.log CATALINA_HOME:         D:\4학년2학기\웹플응용텀프\apache-tomcat-8.0.49
18-Dec-2019 09:47:01.431 정보 [main] org.apache.catalina.startup.VersionLoggerListener.log Command line argument: -Djava.util.logging.config.file=D:\4학년2학기\웹플응용텀프\apache-tomcat-8.0.49\conf\logging.properties
18-Dec-2019 09:47:01.432 정보 [main] org.apache.catalina.startup.VersionLoggerListener.log Command line argument: -Djava.util.logging.manager=org.apache.juli.ClassLoaderLogManager
18-Dec-2019 09:47:01.432 정보 [main] org.apache.catalina.startup.VersionLoggerListener.log Command line argument: -Djdk.tls.ephemeralDHKeySize=2048
18-Dec-2019 09:47:01.432 정보 [main] org.apache.catalina.startup.VersionLoggerListener.log Command line argument: -Djava.protocol.handler.pkgs=org.apache.catalina.webresources
18-Dec-2019 09:47:01.433 정보 [main] org.apache.catalina.startup.VersionLoggerListener.log Command line argument: -Dignore.endorsed.dirs=
18-Dec-2019 09:47:01.433 정보 [main] org.apache.catalina.startup.VersionLoggerListener.log Command line argument: -Dcatalina.base=D:\4학년2학기\웹플응용텀프\apache-tomcat-8.0.49
18-Dec-2019 09:47:01.434 정보 [main] org.apache.catalina.startup.VersionLoggerListener.log Command line argument: -Dcatalina.home=D:\4학년2학기\웹플응용텀프\apache-tomcat-8.0.49
18-Dec-2019 09:47:01.435 정보 [main] org.apache.catalina.startup.VersionLoggerListener.log Command line argument: -Djava.io.tmpdir=D:\4학년2학기\웹플응용텀프\apache-tomcat-8.0.49\temp
18-Dec-2019 09:47:01.441 정보 [main] org.apache.catalina.core.AprLifecycleListener.lifecycleEvent Loaded APR based Apache Tomcat Native library 1.2.16 using APR version 1.6.3.
18-Dec-2019 09:47:01.441 정보 [main] org.apache.catalina.core.AprLifecycleListener.lifecycleEvent APR capabilities: IPv6 [true], sendfile [true], accept filters [false], random [true].
18-Dec-2019 09:47:02.150 정보 [main] org.apache.catalina.core.AprLifecycleListener.initializeSSL OpenSSL successfully initialized (OpenSSL 1.0.2m  2 Nov 2017)
18-Dec-2019 09:47:02.268 정보 [main] org.apache.coyote.AbstractProtocol.init Initializing ProtocolHandler ["http-apr-8080"]
18-Dec-2019 09:47:02.278 정보 [main] org.apache.coyote.AbstractProtocol.init Initializing ProtocolHandler ["ajp-apr-8009"]
18-Dec-2019 09:47:02.280 정보 [main] org.apache.catalina.startup.Catalina.load Initialization processed in 1280 ms
18-Dec-2019 09:47:02.318 정보 [main] org.apache.catalina.core.StandardService.startInternal Starting service Catalina
18-Dec-2019 09:47:02.319 정보 [main] org.apache.catalina.core.StandardEngine.startInternal Starting Servlet Engine: Apache Tomcat/8.0.49
18-Dec-2019 09:47:02.356 정보 [localhost-startStop-1] org.apache.catalina.startup.HostConfig.deployWAR Deploying web application archive D:\4학년2학기\웹플응용텀프\apache-tomcat-8.0.49\webapps\test.war
18-Dec-2019 09:47:04.506 정보 [localhost-startStop-1] org.apache.jasper.servlet.TldScanner.scanJars At least one JAR was scanned for TLDs yet contained no TLDs. Enable debug logging for this logger for a complete list of JARs that were scanned but no TLDs were found in them. Skipping unneeded JARs during scanning can improve startup time and JSP compilation time.
18-Dec-2019 09:47:05.287 경고 [localhost-startStop-1] org.apache.catalina.util.SessionIdGeneratorBase.createSecureRandom Creation of SecureRandom instance for session ID generation using [SHA1PRNG] took [737] milliseconds.
18-Dec-2019 09:47:05.364 정보 [localhost-startStop-1] org.apache.catalina.startup.HostConfig.deployWAR Deployment of web application archive D:\4학년2학기\웹플응용텀프\apache-tomcat-8.0.49\webapps\test.war has finished in 3,008 ms
18-Dec-2019 09:47:05.366 정보 [localhost-startStop-1] org.apache.catalina.startup.HostConfig.deployDirectory Deploying web application directory D:\4학년2학기\웹플응용텀프\apache-tomcat-8.0.49\webapps\docs
18-Dec-2019 09:47:05.386 정보 [localhost-startStop-1] org.apache.catalina.startup.HostConfig.deployDirectory Deployment of web application directory D:\4학년2학기\웹플응용텀프\apache-tomcat-8.0.49\webapps\docs has finished in 19 ms
18-Dec-2019 09:47:05.386 정보 [localhost-startStop-1] org.apache.catalina.startup.HostConfig.deployDirectory Deploying web application directory D:\4학년2학기\웹플응용텀프\apache-tomcat-8.0.49\webapps\examples
18-Dec-2019 09:47:05.632 정보 [localhost-startStop-1] org.apache.catalina.startup.HostConfig.deployDirectory Deployment of web application directory D:\4학년2학기\웹플응용텀프\apache-tomcat-8.0.49\webapps\examples has finished in 246 ms
18-Dec-2019 09:47:05.633 정보 [localhost-startStop-1] org.apache.catalina.startup.HostConfig.deployDirectory Deploying web application directory D:\4학년2학기\웹플응용텀프\apache-tomcat-8.0.49\webapps\host-manager
18-Dec-2019 09:47:05.667 정보 [localhost-startStop-1] org.apache.catalina.startup.HostConfig.deployDirectory Deployment of web application directory D:\4학년2학기\웹플응용텀프\apache-tomcat-8.0.49\webapps\host-manager has finished in 34 ms
18-Dec-2019 09:47:05.667 정보 [localhost-startStop-1] org.apache.catalina.startup.HostConfig.deployDirectory Deploying web application directory D:\4학년2학기\웹플응용텀프\apache-tomcat-8.0.49\webapps\manager
18-Dec-2019 09:47:05.699 정보 [localhost-startStop-1] org.apache.catalina.startup.HostConfig.deployDirectory Deployment of web application directory D:\4학년2학기\웹플응용텀프\apache-tomcat-8.0.49\webapps\manager has finished in 32 ms
18-Dec-2019 09:47:05.700 정보 [localhost-startStop-1] org.apache.catalina.startup.HostConfig.deployDirectory Deploying web application directory D:\4학년2학기\웹플응용텀프\apache-tomcat-8.0.49\webapps\ROOT
18-Dec-2019 09:47:05.719 정보 [localhost-startStop-1] org.apache.catalina.startup.HostConfig.deployDirectory Deployment of web application directory D:\4학년2학기\웹플응용텀프\apache-tomcat-8.0.49\webapps\ROOT has finished in 19 ms
18-Dec-2019 09:47:05.727 정보 [main] org.apache.coyote.AbstractProtocol.start Starting ProtocolHandler ["http-apr-8080"]
18-Dec-2019 09:47:05.740 정보 [main] org.apache.coyote.AbstractProtocol.start Starting ProtocolHandler ["ajp-apr-8009"]
18-Dec-2019 09:47:05.746 정보 [main] org.apache.catalina.startup.Catalina.start Server startup in 3465 ms
18-Dec-2019 10:11:39.720 정보 [main] org.apache.catalina.core.StandardServer.await A valid shutdown command was received via the shutdown port. Stopping the Server instance.
18-Dec-2019 10:11:39.721 정보 [main] org.apache.coyote.AbstractProtocol.pause Pausing ProtocolHandler ["http-apr-8080"]
18-Dec-2019 10:11:39.779 정보 [main] org.apache.coyote.AbstractProtocol.pause Pausing ProtocolHandler ["ajp-apr-8009"]
18-Dec-2019 10:11:39.840 정보 [main] org.apache.catalina.core.StandardService.stopInternal Stopping service Catalina
18-Dec-2019 10:11:39.944 경고 [localhost-startStop-2] org.apache.catalina.loader.WebappClassLoaderBase.clearReferencesJdbc The web application [test] registered the JDBC driver [com.mysql.jdbc.Driver] but failed to unregister it when the web application was stopped. To prevent a memory leak, the JDBC Driver has been forcibly unregistered.
18-Dec-2019 10:11:39.944 경고 [localhost-startStop-2] org.apache.catalina.loader.WebappClassLoaderBase.clearReferencesJdbc The web application [test] registered the JDBC driver [org.apache.commons.dbcp.PoolingDriver] but failed to unregister it when the web application was stopped. To prevent a memory leak, the JDBC Driver has been forcibly unregistered.
18-Dec-2019 10:11:39.952 경고 [localhost-startStop-2] org.apache.catalina.loader.WebappClassLoaderBase.clearReferencesThreads The web application [test] appears to have started a thread named [Abandoned connection cleanup thread] but has failed to stop it. This is very likely to create a memory leak. Stack trace of thread:
 java.lang.Object.wait(Native Method)
 java.lang.ref.ReferenceQueue.remove(Unknown Source)
 java.lang.ref.ReferenceQueue.remove(Unknown Source)
 com.mysql.jdbc.NonRegisteringDriver$1.run(NonRegisteringDriver.java:93)
18-Dec-2019 10:11:39.961 정보 [main] org.apache.coyote.AbstractProtocol.stop Stopping ProtocolHandler ["http-apr-8080"]
18-Dec-2019 10:11:40.031 정보 [main] org.apache.coyote.AbstractProtocol.stop Stopping ProtocolHandler ["ajp-apr-8009"]
18-Dec-2019 10:11:40.093 정보 [main] org.apache.coyote.AbstractProtocol.destroy Destroying ProtocolHandler ["http-apr-8080"]
18-Dec-2019 10:11:40.095 정보 [main] org.apache.coyote.AbstractProtocol.destroy Destroying ProtocolHandler ["ajp-apr-8009"]
